[08-Oct-2023 16:14:49 UTC] PHP Warning:  Undefined variable $parentPageTitle in C:\Users\kmerge\Local Sites\the-eleff-law-group\app\public\wp-content\themes\theelefflawgroupclone\page.php on line 13
[08-Oct-2023 17:32:53 UTC] PHP Warning:  Array to string conversion in C:\Users\kmerge\Local Sites\the-eleff-law-group\app\public\wp-content\themes\theelefflawgroupclone\page.php on line 30
[08-Oct-2023 18:02:33 UTC] PHP Warning:  Array to string conversion in C:\Users\kmerge\Local Sites\the-eleff-law-group\app\public\wp-content\themes\theelefflawgroupclone\page.php on line 31
[08-Oct-2023 18:04:40 UTC] PHP Fatal error:  Uncaught Error: Object of class WP_Post could not be converted to string in C:\Users\kmerge\Local Sites\the-eleff-law-group\app\public\wp-content\themes\theelefflawgroupclone\page.php:33
Stack trace:
#0 C:\Users\kmerge\Local Sites\the-eleff-law-group\app\public\wp-includes\template-loader.php(106): include()
#1 C:\Users\kmerge\Local Sites\the-eleff-law-group\app\public\wp-blog-header.php(19): require_once('C:\\Users\\kmerge...')
#2 C:\Users\kmerge\Local Sites\the-eleff-law-group\app\public\index.php(17): require('C:\\Users\\kmerge...')
#3 {main}
  thrown in C:\Users\kmerge\Local Sites\the-eleff-law-group\app\public\wp-content\themes\theelefflawgroupclone\page.php on line 33
[08-Oct-2023 18:06:55 UTC] PHP Fatal error:  Uncaught Error: Object of class WP_Post could not be converted to string in C:\Users\kmerge\Local Sites\the-eleff-law-group\app\public\wp-content\themes\theelefflawgroupclone\page.php:33
Stack trace:
#0 C:\Users\kmerge\Local Sites\the-eleff-law-group\app\public\wp-includes\template-loader.php(106): include()
#1 C:\Users\kmerge\Local Sites\the-eleff-law-group\app\public\wp-blog-header.php(19): require_once('C:\\Users\\kmerge...')
#2 C:\Users\kmerge\Local Sites\the-eleff-law-group\app\public\index.php(17): require('C:\\Users\\kmerge...')
#3 {main}
  thrown in C:\Users\kmerge\Local Sites\the-eleff-law-group\app\public\wp-content\themes\theelefflawgroupclone\page.php on line 33
[08-Oct-2023 18:09:20 UTC] PHP Fatal error:  Uncaught Error: Call to undefined method WP_Post::title() in C:\Users\kmerge\Local Sites\the-eleff-law-group\app\public\wp-content\themes\theelefflawgroupclone\page.php:33
Stack trace:
#0 C:\Users\kmerge\Local Sites\the-eleff-law-group\app\public\wp-includes\template-loader.php(106): include()
#1 C:\Users\kmerge\Local Sites\the-eleff-law-group\app\public\wp-blog-header.php(19): require_once('C:\\Users\\kmerge...')
#2 C:\Users\kmerge\Local Sites\the-eleff-law-group\app\public\index.php(17): require('C:\\Users\\kmerge...')
#3 {main}
  thrown in C:\Users\kmerge\Local Sites\the-eleff-law-group\app\public\wp-content\themes\theelefflawgroupclone\page.php on line 33
[08-Oct-2023 19:00:02 UTC] PHP Parse error:  Unmatched '}' in C:\Users\kmerge\Local Sites\the-eleff-law-group\app\public\wp-content\themes\theelefflawgroupclone\page.php on line 110
[08-Oct-2023 19:26:09 UTC] PHP Warning:  Attempt to read property "title" on null in C:\Users\kmerge\Local Sites\the-eleff-law-group\app\public\wp-includes\class-wp-customize-widgets.php on line 905
[10-Oct-2023 21:46:27 UTC] PHP Warning:  Attempt to read property "title" on null in C:\Users\kmerge\Local Sites\the-eleff-law-group\app\public\wp-includes\class-wp-customize-widgets.php on line 905
[10-Oct-2023 21:48:56 UTC] PHP Fatal error:  Uncaught ArgumentCountError: Too few arguments to function register_nav_menu(), 1 passed in C:\Users\kmerge\Local Sites\the-eleff-law-group\app\public\wp-content\themes\theelefflawgroupclone\functions.php on line 16 and exactly 2 expected in C:\Users\kmerge\Local Sites\the-eleff-law-group\app\public\wp-includes\nav-menu.php:136
Stack trace:
#0 C:\Users\kmerge\Local Sites\the-eleff-law-group\app\public\wp-content\themes\theelefflawgroupclone\functions.php(16): register_nav_menu('headerMenu')
#1 C:\Users\kmerge\Local Sites\the-eleff-law-group\app\public\wp-includes\class-wp-hook.php(310): lawgroup_features('')
#2 C:\Users\kmerge\Local Sites\the-eleff-law-group\app\public\wp-includes\class-wp-hook.php(334): WP_Hook->apply_filters(NULL, Array)
#3 C:\Users\kmerge\Local Sites\the-eleff-law-group\app\public\wp-includes\plugin.php(517): WP_Hook->do_action(Array)
#4 C:\Users\kmerge\Local Sites\the-eleff-law-group\app\public\wp-settings.php(610): do_action('after_setup_the...')
#5 C:\Users\kmerge\Local Sites\the-eleff-law-group\app\public\wp-config.php(103): require_once('C:\\Users\\kmerge...')
#6 C:\Users\kmerge\Local Sites\the-eleff-law-group\app\public\wp-load.php(50): require_once('C:\\Users\\kmerge...')
#7 C:\Users\kmerge\Local Sites\the-eleff-law-group\app\public\wp-admin\admin-ajax.php(22): require_once('C:\\Users\\kmerge...')
#8 {main}
  thrown in C:\Users\kmerge\Local Sites\the-eleff-law-group\app\public\wp-includes\nav-menu.php on line 136
[10-Oct-2023 22:06:04 UTC] PHP Warning:  Attempt to read property "title" on null in C:\Users\kmerge\Local Sites\the-eleff-law-group\app\public\wp-includes\class-wp-customize-widgets.php on line 905
[10-Oct-2023 23:51:56 UTC] PHP Warning:  Attempt to read property "title" on null in C:\Users\kmerge\Local Sites\eleff-law-clone\eleff-law\app\public\wp-includes\class-wp-customize-widgets.php on line 905
[15-Oct-2023 15:44:51 UTC] PHP Warning:  Undefined variable $parentPageId in C:\Users\kmerge\Local Sites\eleff-law-clone\eleff-law\app\public\wp-content\themes\elefflawclone\index.php on line 16
